"D:/New folder (4)/Building/Content/Materials/GlowingWhiteMat.uasset" 0
"D:/New folder (4)/Building/Content/Materials/GlowingWhiteMat.uexp" 1
"D:/New folder (4)/Building/Content/Materials/GoldMat.uasset" 2
"D:/New folder (4)/Building/Content/Materials/GoldMat.uexp" 3
"D:/New folder (4)/Building/Content/Meshes/platform_mesh.uasset" 4
"D:/New folder (4)/Building/Content/Meshes/platform_mesh.uexp" 5
"D:/New folder (4)/Building/Content/Meshes/platform_mesh.ubulk" 6
"../../../Engine/Content/Functions/Engine_MaterialFunctions01/Opacity/CameraDepthFade.uasset" 7
"../../../Engine/Content/Functions/Engine_MaterialFunctions01/Opacity/CameraDepthFade.uexp" 8
"../../../Engine/Content/EngineMaterials/T_Default_Material_Grid_M.uasset" 9
"../../../Engine/Content/EngineMaterials/T_Default_Material_Grid_M.uexp" 10
"../../../Engine/Content/EngineMaterials/T_Default_Material_Grid_M.ubulk" 11
"../../../Engine/Content/EngineMaterials/T_Default_Material_Grid_N.uasset" 12
"../../../Engine/Content/EngineMaterials/T_Default_Material_Grid_N.uexp" 13
"../../../Engine/Content/EngineMaterials/T_Default_Material_Grid_N.ubulk" 14
"../../../Engine/Content/EngineMaterials/WorldGridMaterial.uasset" 15
"../../../Engine/Content/EngineMaterials/WorldGridMaterial.uexp" 16
"../../../Engine/Content/ArtTools/RenderToTexture/Meshes/S_1_Unit_Plane.uasset" 17
"../../../Engine/Content/ArtTools/RenderToTexture/Meshes/S_1_Unit_Plane.uexp" 18
"../../../Engine/Content/ArtTools/RenderToTexture/Meshes/S_1_Unit_Plane.ubulk" 19
"../../../Engine/Content/EngineMaterials/DefaultMaterial.uasset" 20
"../../../Engine/Content/EngineMaterials/DefaultMaterial.uexp" 21
"../../../Engine/Content/BasicShapes/Cone.uasset" 22
"../../../Engine/Content/BasicShapes/Cone.uexp" 23
"../../../Engine/Content/BasicShapes/Cone.ubulk" 24
"../../../Engine/Content/BasicShapes/Cube.uasset" 25
"../../../Engine/Content/BasicShapes/Cube.uexp" 26
"../../../Engine/Content/BasicShapes/Cube.ubulk" 27
"../../../Engine/Content/BasicShapes/Plane.uasset" 28
"../../../Engine/Content/BasicShapes/Plane.uexp" 29
"../../../Engine/Content/BasicShapes/Plane.ubulk" 30
"../../../Engine/Content/BasicShapes/Sphere.uasset" 31
"../../../Engine/Content/BasicShapes/Sphere.uexp" 32
"../../../Engine/Content/BasicShapes/Sphere.ubulk" 33
"../../../Engine/Content/EditorLandscapeResources/DataLayer.uasset" 34
"../../../Engine/Content/EditorLandscapeResources/DataLayer.uexp" 35
"../../../Engine/Content/EditorLandscapeResources/DefaultAlphaTexture.uasset" 36
"../../../Engine/Content/EditorLandscapeResources/DefaultAlphaTexture.uexp" 37
"../../../Engine/Content/EditorMaterials/MAT_Groups_Toggle.uasset" 38
"../../../Engine/Content/EditorMaterials/MAT_Groups_Toggle.uexp" 39
"../../../Engine/Content/EditorMaterials/MAT_Groups_Visibility.uasset" 40
"../../../Engine/Content/EditorMaterials/MAT_Groups_Visibility.uexp" 41
"../../../Engine/Content/EditorMaterials/PreviewShadowIndicator.uasset" 42
"../../../Engine/Content/EditorMaterials/PreviewShadowIndicator.uexp" 43
"../../../Engine/Content/EditorMaterials/PreviewShadowIndicator.ubulk" 44
"../../../Engine/Content/EditorMaterials/PreviewShadowIndicatorMaterial.uasset" 45
"../../../Engine/Content/EditorMaterials/PreviewShadowIndicatorMaterial.uexp" 46
"../../../Engine/Content/EditorMaterials/MatineeGroups/MAT_ColorTrack.uasset" 47
"../../../Engine/Content/EditorMaterials/MatineeGroups/MAT_ColorTrack.uexp" 48
"../../../Engine/Content/EditorMaterials/MatineeGroups/MAT_Groups_Anim.uasset" 49
"../../../Engine/Content/EditorMaterials/MatineeGroups/MAT_Groups_Anim.uexp" 50
"../../../Engine/Content/EditorMaterials/MatineeGroups/MAT_Groups_AudioMaster.uasset" 51
"../../../Engine/Content/EditorMaterials/MatineeGroups/MAT_Groups_AudioMaster.uexp" 52
"../../../Engine/Content/EditorMaterials/MatineeGroups/MAT_Groups_Director.uasset" 53
"../../../Engine/Content/EditorMaterials/MatineeGroups/MAT_Groups_Director.uexp" 54
"../../../Engine/Content/EditorMaterials/MatineeGroups/MAT_Groups_Event.uasset" 55
"../../../Engine/Content/EditorMaterials/MatineeGroups/MAT_Groups_Event.uexp" 56
"../../../Engine/Content/EditorMaterials/MatineeGroups/MAT_Groups_Fade.uasset" 57
"../../../Engine/Content/EditorMaterials/MatineeGroups/MAT_Groups_Fade.uexp" 58
"../../../Engine/Content/EditorMaterials/MatineeGroups/MAT_Groups_Float.uasset" 59
"../../../Engine/Content/EditorMaterials/MatineeGroups/MAT_Groups_Float.uexp" 60
"../../../Engine/Content/EditorMaterials/MatineeGroups/MAT_Groups_Move.uasset" 61
"../../../Engine/Content/EditorMaterials/MatineeGroups/MAT_Groups_Move.uexp" 62
"../../../Engine/Content/EditorMaterials/MatineeGroups/MAT_Groups_Slomo.uasset" 63
"../../../Engine/Content/EditorMaterials/MatineeGroups/MAT_Groups_Slomo.uexp" 64
"../../../Engine/Content/EditorMaterials/MatineeGroups/MAT_Groups_Sound.uasset" 65
"../../../Engine/Content/EditorMaterials/MatineeGroups/MAT_Groups_Sound.uexp" 66
"../../../Engine/Content/EditorMaterials/MatineeGroups/MAT_Groups_Vector.uasset" 67
"../../../Engine/Content/EditorMaterials/MatineeGroups/MAT_Groups_Vector.uexp" 68
"../../../Engine/Content/EditorMaterials/ParticleSystems/PSysThumbnail_NoImage.uasset" 69
"../../../Engine/Content/EditorMaterials/ParticleSystems/PSysThumbnail_NoImage.uexp" 70
"../../../Engine/Content/EditorMaterials/ParticleSystems/PSysThumbnail_NoImage.ubulk" 71
"../../../Engine/Content/EditorMaterials/ParticleSystems/PSysThumbnail_OOD.uasset" 72
"../../../Engine/Content/EditorMaterials/ParticleSystems/PSysThumbnail_OOD.uexp" 73
"../../../Engine/Content/EditorMaterials/ParticleSystems/PSysThumbnail_OOD.ubulk" 74
"../../../Engine/Content/Functions/Engine_MaterialFunctions02/Utility/BreakOutFloat3Components.uasset" 75
"../../../Engine/Content/Functions/Engine_MaterialFunctions02/Utility/BreakOutFloat3Components.uexp" 76
"../../../Engine/Content/Functions/Engine_MaterialFunctions02/Utility/MakeFloat4.uasset" 77
"../../../Engine/Content/Functions/Engine_MaterialFunctions02/Utility/MakeFloat4.uexp" 78
"../../../Engine/Content/Functions/Engine_MaterialFunctions02/Utility/MakeFloat3.uasset" 79
"../../../Engine/Content/Functions/Engine_MaterialFunctions02/Utility/MakeFloat3.uexp" 80
"../../../Engine/Content/EditorMaterials/WorldPartition/WorldPartitionSpatialHashGridPreviewMaterial.uasset" 81
"../../../Engine/Content/EditorMaterials/WorldPartition/WorldPartitionSpatialHashGridPreviewMaterial.uexp" 82
"../../../Engine/Content/EditorMaterials/Camera/CineMat.uasset" 83
"../../../Engine/Content/EditorMaterials/Camera/CineMat.uexp" 84
"../../../Engine/Content/EditorMaterials/Camera/MI_CineMat_Rig.uasset" 85
"../../../Engine/Content/EditorMaterials/Camera/MI_CineMat_Rig.uexp" 86
"../../../Engine/Content/EditorMeshes/Camera/SM_CraneRig_Arm.uasset" 87
"../../../Engine/Content/EditorMeshes/Camera/SM_CraneRig_Arm.uexp" 88
"../../../Engine/Content/EditorMeshes/Camera/SM_CraneRig_Arm.ubulk" 89
"../../../Engine/Content/EditorMeshes/Camera/SM_CraneRig_Base.uasset" 90
"../../../Engine/Content/EditorMeshes/Camera/SM_CraneRig_Base.uexp" 91
"../../../Engine/Content/EditorMeshes/Camera/SM_CraneRig_Base.ubulk" 92
"../../../Engine/Content/EditorMeshes/Camera/SM_CraneRig_Body.uasset" 93
"../../../Engine/Content/EditorMeshes/Camera/SM_CraneRig_Body.uexp" 94
"../../../Engine/Content/EditorMeshes/Camera/SM_CraneRig_Body.ubulk" 95
"../../../Engine/Content/EditorMeshes/Camera/SM_CraneRig_Mount.uasset" 96
"../../../Engine/Content/EditorMeshes/Camera/SM_CraneRig_Mount.uexp" 97
"../../../Engine/Content/EditorMeshes/Camera/SM_CraneRig_Mount.ubulk" 98
"../../../Engine/Content/EditorMeshes/Camera/SM_RailRig_Mount.uasset" 99
"../../../Engine/Content/EditorMeshes/Camera/SM_RailRig_Mount.uexp" 100
"../../../Engine/Content/EditorMeshes/Camera/SM_RailRig_Mount.ubulk" 101
"../../../Engine/Content/EditorMeshes/Camera/SM_RailRig_Track.uasset" 102
"../../../Engine/Content/EditorMeshes/Camera/SM_RailRig_Track.uexp" 103
"../../../Engine/Content/EditorMeshes/Camera/SM_RailRig_Track.ubulk" 104
"../../../Engine/Content/EditorResources/BSPVertex.uasset" 105
"../../../Engine/Content/EditorResources/BSPVertex.uexp" 106
"../../../Engine/Content/EditorResources/EmptyActor.uasset" 107
"../../../Engine/Content/EditorResources/EmptyActor.uexp" 108
"../../../Engine/Content/EditorResources/S_Actor.uasset" 109
"../../../Engine/Content/EditorResources/S_Actor.uexp" 110
"../../../Engine/Content/EditorResources/S_Actor.ubulk" 111
"../../../Engine/Content/EditorResources/S_BoxReflectionCapture.uasset" 112
"../../../Engine/Content/EditorResources/S_BoxReflectionCapture.uexp" 113
"../../../Engine/Content/EditorResources/S_Note.uasset" 114
"../../../Engine/Content/EditorResources/S_Note.uexp" 115
"../../../Engine/Content/EditorResources/S_Solver.uasset" 116
"../../../Engine/Content/EditorResources/S_Solver.uexp" 117
"../../../Engine/Content/EditorResources/S_Solver.ubulk" 118
"../../../Engine/Content/EditorResources/S_Terrain.uasset" 119
"../../../Engine/Content/EditorResources/S_Terrain.uexp" 120
"../../../Engine/Content/EditorResources/S_Terrain.ubulk" 121
"../../../Engine/Content/EditorResources/S_Trigger.uasset" 122
"../../../Engine/Content/EditorResources/S_Trigger.uexp" 123
"../../../Engine/Content/EditorResources/S_Trigger.ubulk" 124
"../../../Engine/Content/EditorResources/S_TriggerBox.uasset" 125
"../../../Engine/Content/EditorResources/S_TriggerBox.uexp" 126
"../../../Engine/Content/EditorResources/S_TriggerCapsule.uasset" 127
"../../../Engine/Content/EditorResources/S_TriggerCapsule.uexp" 128
"../../../Engine/Content/EditorResources/S_TriggerSphere.uasset" 129
"../../../Engine/Content/EditorResources/S_TriggerSphere.uexp" 130
"../../../Engine/Content/EditorResources/LightIcons/S_LightError.uasset" 131
"../../../Engine/Content/EditorResources/LightIcons/S_LightError.uexp" 132
"../../../Engine/Content/EditorResources/SequenceRecorder/Countdown.uasset" 133
"../../../Engine/Content/EditorResources/SequenceRecorder/Countdown.uexp" 134
"../../../Engine/Content/EditorResources/SequenceRecorder/RecordingIndicator.uasset" 135
"../../../Engine/Content/EditorResources/SequenceRecorder/RecordingIndicator.uexp" 136
"../../../Engine/Content/EngineDamageTypes/DmgTypeBP_Environmental.uasset" 137
"../../../Engine/Content/EngineDamageTypes/DmgTypeBP_Environmental.uexp" 138
"../../../Engine/Content/EngineDebugMaterials/DebugEditorMaterial.uasset" 139
"../../../Engine/Content/EngineDebugMaterials/DebugEditorMaterial.uexp" 140
"../../../Engine/Content/EngineDebugMaterials/DebugMeshMaterial.uasset" 141
"../../../Engine/Content/EngineDebugMaterials/DebugMeshMaterial.uexp" 142
"../../../Engine/Content/EngineDebugMaterials/M_SimpleUnlitTranslucent.uasset" 143
"../../../Engine/Content/EngineDebugMaterials/M_SimpleUnlitTranslucent.uexp" 144
"../../../Engine/Content/EngineDebugMaterials/VolumeToRender.uasset" 145
"../../../Engine/Content/EngineDebugMaterials/VolumeToRender.uexp" 146
"../../../Engine/Content/Functions/Engine_MaterialFunctions02/Utility/CameraDirectionVector.uasset" 147
"../../../Engine/Content/Functions/Engine_MaterialFunctions02/Utility/CameraDirectionVector.uexp" 148
"../../../Engine/Content/EngineDebugMaterials/M_VolumeRenderSphereTracePP.uasset" 149
"../../../Engine/Content/EngineDebugMaterials/M_VolumeRenderSphereTracePP.uexp" 150
"../../../Engine/Content/Functions/Engine_MaterialFunctions01/Shading/ConvertFromDiffSpec.uasset" 151
"../../../Engine/Content/Functions/Engine_MaterialFunctions01/Shading/ConvertFromDiffSpec.uexp" 152
"../../../Engine/Content/EngineDebugMaterials/VertexColorMaterial.uasset" 153
"../../../Engine/Content/EngineDebugMaterials/VertexColorMaterial.uexp" 154
"../../../Engine/Content/EngineDebugMaterials/WireframeMaterial.uasset" 155
"../../../Engine/Content/EngineDebugMaterials/WireframeMaterial.uexp" 156
"../../../Engine/Content/EngineFonts/Faces/RobotoLight.uasset" 157
"../../../Engine/Content/EngineFonts/Faces/RobotoLight.uexp" 158
"../../../Engine/Content/EngineFonts/Faces/RobotoLight.ufont" 159
"../../../Engine/Content/EngineFonts/Faces/DroidSansFallback.uasset" 160
"../../../Engine/Content/EngineFonts/Faces/DroidSansFallback.uexp" 161
"../../../Engine/Content/EngineFonts/Faces/DroidSansFallback.ufont" 162
"../../../Engine/Content/EngineFonts/Faces/RobotoBold.uasset" 163
"../../../Engine/Content/EngineFonts/Faces/RobotoBold.uexp" 164
"../../../Engine/Content/EngineFonts/Faces/RobotoBold.ufont" 165
"../../../Engine/Content/EngineFonts/Faces/RobotoBoldItalic.uasset" 166
"../../../Engine/Content/EngineFonts/Faces/RobotoBoldItalic.uexp" 167
"../../../Engine/Content/EngineFonts/Faces/RobotoBoldItalic.ufont" 168
"../../../Engine/Content/EngineFonts/Faces/RobotoItalic.uasset" 169
"../../../Engine/Content/EngineFonts/Faces/RobotoItalic.uexp" 170
"../../../Engine/Content/EngineFonts/Faces/RobotoItalic.ufont" 171
"../../../Engine/Content/EngineFonts/Faces/RobotoRegular.uasset" 172
"../../../Engine/Content/EngineFonts/Faces/RobotoRegular.uexp" 173
"../../../Engine/Content/EngineFonts/Faces/RobotoRegular.ufont" 174
"../../../Engine/Content/EngineFonts/Roboto.uasset" 175
"../../../Engine/Content/EngineFonts/Roboto.uexp" 176
"../../../Engine/Content/EngineMaterials/BaseFlattenDiffuseMap.uasset" 177
"../../../Engine/Content/EngineMaterials/BaseFlattenDiffuseMap.uexp" 178
"../../../Engine/Content/EngineMaterials/BaseFlattenEmissiveMap.uasset" 179
"../../../Engine/Content/EngineMaterials/BaseFlattenEmissiveMap.uexp" 180
"../../../Engine/Content/EngineMaterials/BaseFlattenGrayscaleMap.uasset" 181
"../../../Engine/Content/EngineMaterials/BaseFlattenGrayscaleMap.uexp" 182
"../../../Engine/Content/EngineMaterials/BaseFlattenNormalMap.uasset" 183
"../../../Engine/Content/EngineMaterials/BaseFlattenNormalMap.uexp" 184
"../../../Engine/Content/EngineMaterials/BaseFlattenMaterial.uasset" 185
"../../../Engine/Content/EngineMaterials/BaseFlattenMaterial.uexp" 186
"../../../Engine/Content/EngineMaterials/BaseFlattenNormalMap_VT.uasset" 187
"../../../Engine/Content/EngineMaterials/BaseFlattenNormalMap_VT.uexp" 188
"../../../Engine/Content/EngineMaterials/BaseFlattenDiffuseMap_VT.uasset" 189
"../../../Engine/Content/EngineMaterials/BaseFlattenDiffuseMap_VT.uexp" 190
"../../../Engine/Content/EngineMaterials/BaseFlattenEmissiveMap_VT.uasset" 191
"../../../Engine/Content/EngineMaterials/BaseFlattenEmissiveMap_VT.uexp" 192
"../../../Engine/Content/EngineMaterials/BaseFlattenGrayscaleMap_VT.uasset" 193
"../../../Engine/Content/EngineMaterials/BaseFlattenGrayscaleMap_VT.uexp" 194
"../../../Engine/Content/EngineMaterials/BaseFlattenMaterial_VT.uasset" 195
"../../../Engine/Content/EngineMaterials/BaseFlattenMaterial_VT.uexp" 196
"../../../Engine/Content/EngineMaterials/BlueNoise.uasset" 197
"../../../Engine/Content/EngineMaterials/BlueNoise.uexp" 198
"../../../Engine/Content/EngineMaterials/DefaultBloomKernel.uasset" 199
"../../../Engine/Content/EngineMaterials/DefaultBloomKernel.uexp" 200
"../../../Engine/Content/EngineMaterials/DefaultBokeh.uasset" 201
"../../../Engine/Content/EngineMaterials/DefaultBokeh.uexp" 202
"../../../Engine/Content/EngineMaterials/DefaultDiffuse.uasset" 203
"../../../Engine/Content/EngineMaterials/DefaultDiffuse.uexp" 204
"../../../Engine/Content/EngineMaterials/DefaultDiffuse.ubulk" 205
"../../../Engine/Content/EngineMaterials/DefaultDeferredDecalMaterial.uasset" 206
"../../../Engine/Content/EngineMaterials/DefaultDeferredDecalMaterial.uexp" 207
"../../../Engine/Content/EngineMaterials/DefaultLightFunctionMaterial.uasset" 208
"../../../Engine/Content/EngineMaterials/DefaultLightFunctionMaterial.uexp" 209
"../../../Engine/Content/EngineMaterials/DefaultPhysicalMaterial.uasset" 210
"../../../Engine/Content/EngineMaterials/DefaultPhysicalMaterial.uexp" 211
"../../../Engine/Content/Functions/Engine_MaterialFunctions02/Utility/BreakOutFloat2Components.uasset" 212
"../../../Engine/Content/Functions/Engine_MaterialFunctions02/Utility/BreakOutFloat2Components.uexp" 213
"../../../Engine/Content/EngineMaterials/DefaultPostProcessMaterial.uasset" 214
"../../../Engine/Content/EngineMaterials/DefaultPostProcessMaterial.uexp" 215
"../../../Engine/Content/EngineFonts/RobotoDistanceField.uasset" 216
"../../../Engine/Content/EngineFonts/RobotoDistanceField.uexp" 217
"../../../Engine/Content/EngineMaterials/DefaultTextMaterialOpaque.uasset" 218
"../../../Engine/Content/EngineMaterials/DefaultTextMaterialOpaque.uexp" 219
"../../../Engine/Content/EngineMaterials/DefaultWhiteGrid.uasset" 220
"../../../Engine/Content/EngineMaterials/DefaultWhiteGrid.uexp" 221
"../../../Engine/Content/EngineMaterials/DefaultWhiteGrid.ubulk" 222
"../../../Engine/Content/EngineMaterials/DefaultWhiteGrid_Low.uasset" 223
"../../../Engine/Content/EngineMaterials/DefaultWhiteGrid_Low.uexp" 224
"../../../Engine/Content/EngineMaterials/EmissiveMeshMaterial.uasset" 225
"../../../Engine/Content/EngineMaterials/EmissiveMeshMaterial.uexp" 226
"../../../Engine/Content/EngineMaterials/GizmoMaterial.uasset" 227
"../../../Engine/Content/EngineMaterials/GizmoMaterial.uexp" 228
"../../../Engine/Content/EngineMaterials/Good64x64TilingNoiseHighFreq.uasset" 229
"../../../Engine/Content/EngineMaterials/Good64x64TilingNoiseHighFreq.uexp" 230
"../../../Engine/Content/EngineMaterials/MiniFont.uasset" 231
"../../../Engine/Content/EngineMaterials/MiniFont.uexp" 232
"../../../Engine/Content/EngineMaterials/InvalidLightmapSettings.uasset" 233
"../../../Engine/Content/EngineMaterials/InvalidLightmapSettings.uexp" 234
"../../../Engine/Content/EngineMaterials/InvalidLightmapSettings.ubulk" 235
"../../../Engine/Content/EngineMaterials/M_InvalidLightmapSettings.uasset" 236
"../../../Engine/Content/EngineMaterials/M_InvalidLightmapSettings.uexp" 237
"../../../Engine/Content/Functions/Engine_MaterialFunctions02/WorldPositionOffset/CameraOffset.uasset" 238
"../../../Engine/Content/Functions/Engine_MaterialFunctions02/WorldPositionOffset/CameraOffset.uexp" 239
"../../../Engine/Content/EngineMaterials/PhAT_JointLimitMaterial.uasset" 240
"../../../Engine/Content/EngineMaterials/PhAT_JointLimitMaterial.uexp" 241
"../../../Engine/Content/EngineMaterials/PreintegratedSkinBRDF.uasset" 242
"../../../Engine/Content/EngineMaterials/PreintegratedSkinBRDF.uexp" 243
"../../../Engine/Content/EngineMaterials/RemoveSurfaceMaterial.uasset" 244
"../../../Engine/Content/EngineMaterials/RemoveSurfaceMaterial.uexp" 245
"../../../Engine/Content/EngineMaterials/WeightMapPlaceholderTexture.uasset" 246
"../../../Engine/Content/EngineMaterials/WeightMapPlaceholderTexture.uexp" 247
"../../../Engine/Content/EngineResources/WhiteSquareTexture.uasset" 248
"../../../Engine/Content/EngineResources/WhiteSquareTexture.uexp" 249
"../../../Engine/Content/EngineMaterials/Widget3DPassThrough.uasset" 250
"../../../Engine/Content/EngineMaterials/Widget3DPassThrough.uexp" 251
"../../../Engine/Content/EngineMaterials/Widget3DPassThrough_Masked.uasset" 252
"../../../Engine/Content/EngineMaterials/Widget3DPassThrough_Masked.uexp" 253
"../../../Engine/Content/EngineMaterials/Widget3DPassThrough_Opaque.uasset" 254
"../../../Engine/Content/EngineMaterials/Widget3DPassThrough_Opaque.uexp" 255
"../../../Engine/Content/EngineMaterials/Widget3DPassThrough_Masked_OneSided.uasset" 256
"../../../Engine/Content/EngineMaterials/Widget3DPassThrough_Masked_OneSided.uexp" 257
"../../../Engine/Content/EngineMaterials/Widget3DPassThrough_Opaque_OneSided.uasset" 258
"../../../Engine/Content/EngineMaterials/Widget3DPassThrough_Opaque_OneSided.uexp" 259
"../../../Engine/Content/EngineMaterials/Widget3DPassThrough_Translucent.uasset" 260
"../../../Engine/Content/EngineMaterials/Widget3DPassThrough_Translucent.uexp" 261
"../../../Engine/Content/EngineMaterials/Widget3DPassThrough_Translucent_OneSided.uasset" 262
"../../../Engine/Content/EngineMaterials/Widget3DPassThrough_Translucent_OneSided.uexp" 263
"../../../Engine/Content/EngineMeshes/Sphere.uasset" 264
"../../../Engine/Content/EngineMeshes/Sphere.uexp" 265
"../../../Engine/Content/EngineMeshes/Sphere.ubulk" 266
"../../../Engine/Content/EngineResources/Black.uasset" 267
"../../../Engine/Content/EngineResources/Black.uexp" 268
"../../../Engine/Content/EngineResources/DefaultTextureCube.uasset" 269
"../../../Engine/Content/EngineResources/DefaultTextureCube.uexp" 270
"../../../Engine/Content/EngineResources/DefaultVolumeTexture2D.uasset" 271
"../../../Engine/Content/EngineResources/DefaultVolumeTexture2D.uexp" 272
"../../../Engine/Content/EngineResources/DefaultVolumeTexture.uasset" 273
"../../../Engine/Content/EngineResources/DefaultVolumeTexture.uexp" 274
"../../../Engine/Content/EngineResources/GradientTexture0.uasset" 275
"../../../Engine/Content/EngineResources/GradientTexture0.uexp" 276
"../../../Engine/Content/Functions/Engine_MaterialFunctions02/Utility/MakeFloat2.uasset" 277
"../../../Engine/Content/Functions/Engine_MaterialFunctions02/Utility/MakeFloat2.uexp" 278
"../../../Engine/Content/EngineSky/VolumetricClouds/T_NoiseErosion.uasset" 279
"../../../Engine/Content/EngineSky/VolumetricClouds/T_NoiseErosion.uexp" 280
"../../../Engine/Content/EngineSky/VolumetricClouds/T_NoiseErosion.ubulk" 281
"../../../Engine/Content/EngineSky/VolumetricClouds/T_VolumeNoiseErosion32.uasset" 282
"../../../Engine/Content/EngineSky/VolumetricClouds/T_VolumeNoiseErosion32.uexp" 283
"../../../Engine/Content/EngineSky/VolumetricClouds/T_NoiseShape64.uasset" 284
"../../../Engine/Content/EngineSky/VolumetricClouds/T_NoiseShape64.uexp" 285
"../../../Engine/Content/EngineSky/VolumetricClouds/T_NoiseShape64.ubulk" 286
"../../../Engine/Content/EngineSky/VolumetricClouds/T_VolumeNoiseShape64.uasset" 287
"../../../Engine/Content/EngineSky/VolumetricClouds/T_VolumeNoiseShape64.uexp" 288
"../../../Engine/Content/EngineSky/VolumetricClouds/CloudGradientTexture.uasset" 289
"../../../Engine/Content/EngineSky/VolumetricClouds/CloudGradientTexture.uexp" 290
"../../../Engine/Content/EngineSky/VolumetricClouds/CloudWeatherTexture.uasset" 291
"../../../Engine/Content/EngineSky/VolumetricClouds/CloudWeatherTexture.uexp" 292
"../../../Engine/Content/EngineSky/VolumetricClouds/m_SimpleVolumetricCloud.uasset" 293
"../../../Engine/Content/EngineSky/VolumetricClouds/m_SimpleVolumetricCloud.uexp" 294
"../../../Engine/Content/EngineSky/VolumetricClouds/m_SimpleVolumetricCloud_Inst.uasset" 295
"../../../Engine/Content/EngineSky/VolumetricClouds/m_SimpleVolumetricCloud_Inst.uexp" 296
"../../../Engine/Content/EngineSounds/Master.uasset" 297
"../../../Engine/Content/EngineSounds/Master.uexp" 298
"../../../Engine/Content/Functions/Engine_MaterialFunctions01/Shading/PowerToRoughness.uasset" 299
"../../../Engine/Content/Functions/Engine_MaterialFunctions01/Shading/PowerToRoughness.uexp" 300
"../../../Engine/Content/Maps/Templates/Thumbnails/Default.uasset" 301
"../../../Engine/Content/Maps/Templates/Thumbnails/Default.uexp" 302
"../../../Engine/Content/Maps/Templates/Thumbnails/TimeOfDay.uasset" 303
"../../../Engine/Content/Maps/Templates/Thumbnails/TimeOfDay.uexp" 304
"../../../Engine/Content/Maps/Templates/Thumbnails/VR-Basic.uasset" 305
"../../../Engine/Content/Maps/Templates/Thumbnails/VR-Basic.uexp" 306
"../../../Engine/Content/MobileResources/T_MobileControls_texture.uasset" 307
"../../../Engine/Content/MobileResources/T_MobileControls_texture.uexp" 308
"../../../Engine/Content/MobileResources/T_MobileMenu2.uasset" 309
"../../../Engine/Content/MobileResources/T_MobileMenu2.uexp" 310
"../../../Engine/Content/MobileResources/HUD/AnalogHat.uasset" 311
"../../../Engine/Content/MobileResources/HUD/AnalogHat.uexp" 312
"../../../Engine/Content/MobileResources/HUD/VirtualJoystick_Background.uasset" 313
"../../../Engine/Content/MobileResources/HUD/VirtualJoystick_Background.uexp" 314
"../../../Engine/Content/MobileResources/HUD/VirtualJoystick_Thumb.uasset" 315
"../../../Engine/Content/MobileResources/HUD/VirtualJoystick_Thumb.uexp" 316
"../../../Engine/Content/MobileResources/HUD/DefaultVirtualJoysticks.uasset" 317
"../../../Engine/Content/MobileResources/HUD/DefaultVirtualJoysticks.uexp" 318
"../../../Engine/Content/MobileResources/HUD/LeftVirtualJoystickOnly.uasset" 319
"../../../Engine/Content/MobileResources/HUD/LeftVirtualJoystickOnly.uexp" 320
"../../../Engine/Content/MobileResources/HUD/MobileHUDButton1_off.uasset" 321
"../../../Engine/Content/MobileResources/HUD/MobileHUDButton1_off.uexp" 322
"../../../Engine/Content/MobileResources/HUD/MobileHUDButton1_on.uasset" 323
"../../../Engine/Content/MobileResources/HUD/MobileHUDButton1_on.uexp" 324
"../../../Engine/Content/MobileResources/HUD/MobileHUDButton2_off.uasset" 325
"../../../Engine/Content/MobileResources/HUD/MobileHUDButton2_off.uexp" 326
"../../../Engine/Content/MobileResources/HUD/MobileHUDButton2_on.uasset" 327
"../../../Engine/Content/MobileResources/HUD/MobileHUDButton2_on.uexp" 328
"../../../Engine/Content/MobileResources/HUD/MobileHUDButton3.uasset" 329
"../../../Engine/Content/MobileResources/HUD/MobileHUDButton3.uexp" 330
"../../../Engine/Content/MobileResources/HUD/MobileHUDButtonFire.uasset" 331
"../../../Engine/Content/MobileResources/HUD/MobileHUDButtonFire.uexp" 332
"../../../Engine/Content/MobileResources/HUD/MobileHUDDirectionPad.uasset" 333
"../../../Engine/Content/MobileResources/HUD/MobileHUDDirectionPad.uexp" 334
"../../../Engine/Content/MobileResources/HUD/MobileHUDDirectionPad2.uasset" 335
"../../../Engine/Content/MobileResources/HUD/MobileHUDDirectionPad2.uexp" 336
"../../../Engine/Content/MobileResources/HUD/MobileHUDDirectionPad3.uasset" 337
"../../../Engine/Content/MobileResources/HUD/MobileHUDDirectionPad3.uexp" 338
"../../../Engine/Content/MobileResources/HUD/MobileHUDDirectionStick.uasset" 339
"../../../Engine/Content/MobileResources/HUD/MobileHUDDirectionStick.uexp" 340
"../../../Engine/Content/MobileResources/HUD/T_Castle_ThumbstickInner.uasset" 341
"../../../Engine/Content/MobileResources/HUD/T_Castle_ThumbstickInner.uexp" 342
"../../../Engine/Content/MobileResources/HUD/T_Castle_ThumbstickOutter.uasset" 343
"../../../Engine/Content/MobileResources/HUD/T_Castle_ThumbstickOutter.uexp" 344
"../../../Engine/Content/Tutorial/ContentIntroCurve.uasset" 345
"../../../Engine/Content/Tutorial/ContentIntroCurve.uexp" 346
"../../../Engine/Content/Tutorial/Foliage/TutorialAssets/Foliage.uasset" 347
"../../../Engine/Content/Tutorial/Foliage/TutorialAssets/Foliage.uexp" 348
"../../../Engine/Content/Tutorial/Landscape/TutorialAssets/Landscape.uasset" 349
"../../../Engine/Content/Tutorial/Landscape/TutorialAssets/Landscape.uexp" 350
"../../../Engine/Content/EditorBlueprintResources/StandardMacros.uasset" 351
"../../../Engine/Content/EditorBlueprintResources/StandardMacros.uexp" 352
"../../../Engine/Content/VREditor/LaserPointer/VR_LaserPower_01.uasset" 353
"../../../Engine/Content/VREditor/LaserPointer/VR_LaserPower_01.uexp" 354
"../../../Engine/Content/VREditor/LaserPointer/VR_LaserPower_01.ubulk" 355
"../../../Engine/Content/VREditor/TransformGizmo/TransformGizmoMaterial.uasset" 356
"../../../Engine/Content/VREditor/TransformGizmo/TransformGizmoMaterial.uexp" 357
"../../../Engine/Content/VREditor/TransformGizmo/TranslucentTransformGizmoMaterial.uasset" 358
"../../../Engine/Content/VREditor/TransformGizmo/TranslucentTransformGizmoMaterial.uexp" 359
"../../../Engine/Content/VREditor/TransformGizmo/BoundingBoxCorner.uasset" 360
"../../../Engine/Content/VREditor/TransformGizmo/BoundingBoxCorner.uexp" 361
"../../../Engine/Content/VREditor/TransformGizmo/BoundingBoxCorner.ubulk" 362
"../../../Engine/Content/VREditor/TransformGizmo/BoundingBoxEdge.uasset" 363
"../../../Engine/Content/VREditor/TransformGizmo/BoundingBoxEdge.uexp" 364
"../../../Engine/Content/VREditor/TransformGizmo/BoundingBoxEdge.ubulk" 365
"../../../Engine/Content/VREditor/TransformGizmo/PlaneTranslationHandle.uasset" 366
"../../../Engine/Content/VREditor/TransformGizmo/PlaneTranslationHandle.uexp" 367
"../../../Engine/Content/VREditor/TransformGizmo/PlaneTranslationHandle.ubulk" 368
"../../../Engine/Content/VREditor/TransformGizmo/Main.uasset" 369
"../../../Engine/Content/VREditor/TransformGizmo/Main.uexp" 370
"../../../Engine/Content/VREditor/TransformGizmo/Xray.uasset" 371
"../../../Engine/Content/VREditor/TransformGizmo/Xray.uexp" 372
"../../../Engine/Content/VREditor/TransformGizmo/SM_Sequencer_Key.uasset" 373
"../../../Engine/Content/VREditor/TransformGizmo/SM_Sequencer_Key.uexp" 374
"../../../Engine/Content/VREditor/TransformGizmo/SM_Sequencer_Key.ubulk" 375
"../../../Engine/Content/VREditor/TransformGizmo/SM_Sequencer_Node.uasset" 376
"../../../Engine/Content/VREditor/TransformGizmo/SM_Sequencer_Node.uexp" 377
"../../../Engine/Content/VREditor/TransformGizmo/SM_Sequencer_Node.ubulk" 378
"../../../Engine/Plugins/2D/Paper2D/Content/PlaceholderTextures/DummySpriteTexture.uasset" 379
"../../../Engine/Plugins/2D/Paper2D/Content/PlaceholderTextures/DummySpriteTexture.uexp" 380
"../../../Engine/Plugins/2D/Paper2D/Content/PlaceholderTextures/DummySpriteTexture.ubulk" 381
"../../../Engine/Plugins/2D/Paper2D/Content/DummySprite.uasset" 382
"../../../Engine/Plugins/2D/Paper2D/Content/DummySprite.uexp" 383
"../../../Engine/Plugins/2D/Paper2D/Content/DefaultPaperTerrainMaterial.uasset" 384
"../../../Engine/Plugins/2D/Paper2D/Content/DefaultPaperTerrainMaterial.uexp" 385
"../../../Engine/Plugins/2D/Paper2D/Content/DefaultSpriteMaterial.uasset" 386
"../../../Engine/Plugins/2D/Paper2D/Content/DefaultSpriteMaterial.uexp" 387
"../../../Engine/Plugins/2D/Paper2D/Content/MaskedUnlitSpriteMaterial.uasset" 388
"../../../Engine/Plugins/2D/Paper2D/Content/MaskedUnlitSpriteMaterial.uexp" 389
"../../../Engine/Plugins/2D/Paper2D/Content/OpaqueUnlitSpriteMaterial.uasset" 390
"../../../Engine/Plugins/2D/Paper2D/Content/OpaqueUnlitSpriteMaterial.uexp" 391
"../../../Engine/Content/EngineResources/DefaultTexture.uasset" 392
"../../../Engine/Content/EngineResources/DefaultTexture.uexp" 393
"../../../Engine/Content/EngineResources/DefaultTexture.ubulk" 394
"../../../Engine/Content/Functions/Engine_MaterialFunctions02/ObjectLocalBounds.uasset" 395
"../../../Engine/Content/Functions/Engine_MaterialFunctions02/ObjectLocalBounds.uexp" 396
"../../../Engine/Content/Functions/Engine_MaterialFunctions02/UVs/BoundingBoxBased_0-1_UVW.uasset" 397
"../../../Engine/Content/Functions/Engine_MaterialFunctions02/UVs/BoundingBoxBased_0-1_UVW.uexp" 398
"../../../Engine/Plugins/Editor/SpeedTreeImporter/Content/SpeedTree9/game_wind_noise.uasset" 399
"../../../Engine/Plugins/Editor/SpeedTreeImporter/Content/SpeedTree9/game_wind_noise.uexp" 400
"../../../Engine/Plugins/Editor/SpeedTreeImporter/Content/SpeedTree9/game_wind_noise.ubulk" 401
"../../../Engine/Plugins/Editor/SpeedTreeImporter/Content/SpeedTree9/SpeedTreeBillboard.uasset" 402
"../../../Engine/Plugins/Editor/SpeedTreeImporter/Content/SpeedTree9/SpeedTreeBillboard.uexp" 403
"../../../Engine/Content/Functions/Engine_MaterialFunctions02/SafeNormalize.uasset" 404
"../../../Engine/Content/Functions/Engine_MaterialFunctions02/SafeNormalize.uexp" 405
"../../../Engine/Plugins/Editor/SpeedTreeImporter/Content/SpeedTree9/SpeedTreeWindMotion.uasset" 406
"../../../Engine/Plugins/Editor/SpeedTreeImporter/Content/SpeedTree9/SpeedTreeWindMotion.uexp" 407
"../../../Engine/Plugins/Editor/SpeedTreeImporter/Content/SpeedTree9/UnpackDirection.uasset" 408
"../../../Engine/Plugins/Editor/SpeedTreeImporter/Content/SpeedTree9/UnpackDirection.uexp" 409
"../../../Engine/Plugins/Editor/SpeedTreeImporter/Content/SpeedTree9/UnpackInteger3.uasset" 410
"../../../Engine/Plugins/Editor/SpeedTreeImporter/Content/SpeedTree9/UnpackInteger3.uexp" 411
"../../../Engine/Plugins/Editor/SpeedTreeImporter/Content/SpeedTree9/SpeedTreeBranchMotion.uasset" 412
"../../../Engine/Plugins/Editor/SpeedTreeImporter/Content/SpeedTree9/SpeedTreeBranchMotion.uexp" 413
"../../../Engine/Plugins/Editor/SpeedTreeImporter/Content/SpeedTree9/SpeedTreeWind.uasset" 414
"../../../Engine/Plugins/Editor/SpeedTreeImporter/Content/SpeedTree9/SpeedTreeWind.uexp" 415
"../../../Engine/Plugins/Editor/SpeedTreeImporter/Content/SpeedTree9/SpeedTreeBillboardMaster.uasset" 416
"../../../Engine/Plugins/Editor/SpeedTreeImporter/Content/SpeedTree9/SpeedTreeBillboardMaster.uexp" 417
"../../../Engine/Plugins/Editor/SpeedTreeImporter/Content/SpeedTree9/SpeedTreeCameraFacing.uasset" 418
"../../../Engine/Plugins/Editor/SpeedTreeImporter/Content/SpeedTree9/SpeedTreeCameraFacing.uexp" 419
"../../../Engine/Plugins/Editor/SpeedTreeImporter/Content/SpeedTree9/SpeedTreeMaster.uasset" 420
"../../../Engine/Plugins/Editor/SpeedTreeImporter/Content/SpeedTree9/SpeedTreeMaster.uexp" 421
"../../../Engine/Content/ArtTools/RenderToTexture/Materials/Debug/M_Emissive_Color.uasset" 422
"../../../Engine/Content/ArtTools/RenderToTexture/Materials/Debug/M_Emissive_Color.uexp" 423
"../../../Engine/Content/BasicShapes/Cylinder.uasset" 424
"../../../Engine/Content/BasicShapes/Cylinder.uexp" 425
"../../../Engine/Content/BasicShapes/Cylinder.ubulk" 426
"../../../Engine/Plugins/Lumin/MagicLeapPassableWorld/Content/MagicLeapARPinInfoActor.uasset" 427
"../../../Engine/Plugins/Lumin/MagicLeapPassableWorld/Content/MagicLeapARPinInfoActor.uexp" 428
"../../../Engine/Plugins/Runtime/HairStrands/Content/Materials/HairCardsDefaultMaterial.uasset" 429
"../../../Engine/Plugins/Runtime/HairStrands/Content/Materials/HairCardsDefaultMaterial.uexp" 430
"../../../Engine/Content/EngineMaterials/HairColorMap.uasset" 431
"../../../Engine/Content/EngineMaterials/HairColorMap.uexp" 432
"../../../Engine/Content/EngineMaterials/HairDebugColor.uasset" 433
"../../../Engine/Content/EngineMaterials/HairDebugColor.uexp" 434
"../../../Engine/Plugins/Runtime/HairStrands/Content/Materials/HairDebugMaterial.uasset" 435
"../../../Engine/Plugins/Runtime/HairStrands/Content/Materials/HairDebugMaterial.uexp" 436
"../../../Engine/Plugins/Runtime/HairStrands/Content/Materials/HairDefaultMaterial.uasset" 437
"../../../Engine/Plugins/Runtime/HairStrands/Content/Materials/HairDefaultMaterial.uexp" 438
"../../../Engine/Plugins/Runtime/HairStrands/Content/Materials/HairMeshesDefaultMaterial.uasset" 439
"../../../Engine/Plugins/Runtime/HairStrands/Content/Materials/HairMeshesDefaultMaterial.uexp" 440
"../../../Engine/Content/Functions/Engine_MaterialFunctions02/Utility/BreakOutFloat4Components.uasset" 441
"../../../Engine/Content/Functions/Engine_MaterialFunctions02/Utility/BreakOutFloat4Components.uexp" 442
"../../../Engine/Plugins/Runtime/Oculus/OculusVR/Content/Materials/OculusMR_ChromaKey.uasset" 443
"../../../Engine/Plugins/Runtime/Oculus/OculusVR/Content/Materials/OculusMR_ChromaKey.uexp" 444
"../../../Engine/Plugins/Runtime/Oculus/OculusVR/Content/Materials/OculusMR_OpaqueColoredMaterial.uasset" 445
"../../../Engine/Plugins/Runtime/Oculus/OculusVR/Content/Materials/OculusMR_OpaqueColoredMaterial.uexp" 446
"../../../Engine/Plugins/Runtime/Oculus/OculusVR/Content/Materials/PokeAHoleMaterial.uasset" 447
"../../../Engine/Plugins/Runtime/Oculus/OculusVR/Content/Materials/PokeAHoleMaterial.uexp" 448
"D:/New folder (4)/Building/Content/UI/Textures/KeyTexture.uasset" 449
"D:/New folder (4)/Building/Content/UI/Textures/KeyTexture.uexp" 450
"D:/New folder (4)/Building/Content/UI/Textures/KeyTexture.ubulk" 451
"D:/New folder (4)/Building/Content/UI/Textures/HeartFullTexture.uasset" 452
"D:/New folder (4)/Building/Content/UI/Textures/HeartFullTexture.uexp" 453
"D:/New folder (4)/Building/Content/UI/Textures/HeartFullTexture.ubulk" 454
"D:/New folder (4)/Building/Content/UI/Textures/HeartEmptyTexture.uasset" 455
"D:/New folder (4)/Building/Content/UI/Textures/HeartEmptyTexture.uexp" 456
"D:/New folder (4)/Building/Content/UI/Textures/HeartEmptyTexture.ubulk" 457
"D:/New folder (4)/Building/Content/UI/HeadsUpDisplay.uasset" 458
"D:/New folder (4)/Building/Content/UI/HeadsUpDisplay.uexp" 459
"D:/New folder (4)/Building/Content/Materials/DefaultUIMat.uasset" 460
"D:/New folder (4)/Building/Content/Materials/DefaultUIMat.uexp" 461
"D:/New folder (4)/Building/Content/UI/LoseScreen.uasset" 462
"D:/New folder (4)/Building/Content/UI/LoseScreen.uexp" 463
"D:/New folder (4)/Building/Content/GameSettings/SaveGameObject.uasset" 464
"D:/New folder (4)/Building/Content/GameSettings/SaveGameObject.uexp" 465
"D:/New folder (4)/Building/Content/GameSettings/MainGameInstance.uasset" 466
"D:/New folder (4)/Building/Content/GameSettings/MainGameInstance.uexp" 467
"D:/New folder (4)/Building/Content/UI/WinScreen.uasset" 468
"D:/New folder (4)/Building/Content/UI/WinScreen.uexp" 469
"D:/New folder (4)/Building/Content/GameSettings/MainGameMode.uasset" 470
"D:/New folder (4)/Building/Content/GameSettings/MainGameMode.uexp" 471
"D:/New folder (4)/Building/Content/Sounds/Walking.uasset" 472
"D:/New folder (4)/Building/Content/Sounds/Walking.uexp" 473
"D:/New folder (4)/Building/Content/Sounds/Walking.ubulk" 474
"D:/New folder (4)/Building/Content/Characters/PlayerCharacter.uasset" 475
"D:/New folder (4)/Building/Content/Characters/PlayerCharacter.uexp" 476
"D:/New folder (4)/Building/Content/Meshes/Key_mesh.uasset" 477
"D:/New folder (4)/Building/Content/Meshes/Key_mesh.uexp" 478
"D:/New folder (4)/Building/Content/Meshes/Key_mesh.ubulk" 479
"D:/New folder (4)/Building/Content/Sounds/Pickup.uasset" 480
"D:/New folder (4)/Building/Content/Sounds/Pickup.uexp" 481
"D:/New folder (4)/Building/Content/Sounds/Pickup.ubulk" 482
"D:/New folder (4)/Building/Content/Blueprints/Key.uasset" 483
"D:/New folder (4)/Building/Content/Blueprints/Key.uexp" 484
"D:/New folder (4)/Building/Content/Materials/BlackMat.uasset" 485
"D:/New folder (4)/Building/Content/Materials/BlackMat.uexp" 486
"D:/New folder (4)/Building/Content/Materials/WallDecorMat.uasset" 487
"D:/New folder (4)/Building/Content/Materials/WallDecorMat.uexp" 488
"D:/New folder (4)/Building/Content/Meshes/arrowshooter_mesh.uasset" 489
"D:/New folder (4)/Building/Content/Meshes/arrowshooter_mesh.uexp" 490
"D:/New folder (4)/Building/Content/Meshes/arrowshooter_mesh.ubulk" 491
"D:/New folder (4)/Building/Content/Materials/GroundMat.uasset" 492
"D:/New folder (4)/Building/Content/Materials/GroundMat.uexp" 493
"D:/New folder (4)/Building/Content/Materials/SilverMat.uasset" 494
"D:/New folder (4)/Building/Content/Materials/SilverMat.uexp" 495
"D:/New folder (4)/Building/Content/Meshes/arrow_mesh.uasset" 496
"D:/New folder (4)/Building/Content/Meshes/arrow_mesh.uexp" 497
"D:/New folder (4)/Building/Content/Meshes/arrow_mesh.ubulk" 498
"D:/New folder (4)/Building/Content/Sounds/Hurt.uasset" 499
"D:/New folder (4)/Building/Content/Sounds/Hurt.uexp" 500
"D:/New folder (4)/Building/Content/Sounds/Hurt.ubulk" 501
"D:/New folder (4)/Building/Content/Blueprints/Arrow.uasset" 502
"D:/New folder (4)/Building/Content/Blueprints/Arrow.uexp" 503
"D:/New folder (4)/Building/Content/Sounds/Shooting.uasset" 504
"D:/New folder (4)/Building/Content/Sounds/Shooting.uexp" 505
"D:/New folder (4)/Building/Content/Sounds/Shooting.ubulk" 506
"D:/New folder (4)/Building/Content/Blueprints/Shooter.uasset" 507
"D:/New folder (4)/Building/Content/Blueprints/Shooter.uexp" 508
"D:/New folder (4)/Building/Content/Materials/Red.uasset" 509
"D:/New folder (4)/Building/Content/Materials/Red.uexp" 510
"D:/New folder (4)/Building/Content/Materials/White.uasset" 511
"D:/New folder (4)/Building/Content/Materials/White.uexp" 512
"D:/New folder (4)/Building/Content/Materials/Grey.uasset" 513
"D:/New folder (4)/Building/Content/Materials/Grey.uexp" 514
"D:/New folder (4)/Building/Content/Meshes/Bandage_Cube.uasset" 515
"D:/New folder (4)/Building/Content/Meshes/Bandage_Cube.uexp" 516
"D:/New folder (4)/Building/Content/Meshes/Bandage_Cube.ubulk" 517
"D:/New folder (4)/Building/Content/Meshes/Bandage_Mball.uasset" 518
"D:/New folder (4)/Building/Content/Meshes/Bandage_Mball.uexp" 519
"D:/New folder (4)/Building/Content/Meshes/Bandage_Mball.ubulk" 520
"D:/New folder (4)/Building/Content/Blueprints/Bandage.uasset" 521
"D:/New folder (4)/Building/Content/Blueprints/Bandage.uexp" 522
"D:/New folder (4)/Building/Content/Blueprints/FinishPlatform.uasset" 523
"D:/New folder (4)/Building/Content/Blueprints/FinishPlatform.uexp" 524
"D:/New folder (4)/Building/Content/Materials/WallMat.uasset" 525
"D:/New folder (4)/Building/Content/Materials/WallMat.uexp" 526
"D:/New folder (4)/Building/Content/Meshes/brick_mesh.uasset" 527
"D:/New folder (4)/Building/Content/Meshes/brick_mesh.uexp" 528
"D:/New folder (4)/Building/Content/Meshes/brick_mesh.ubulk" 529
"D:/New folder (4)/Building/Content/Maps/Level1_BuiltData.uasset" 530
"D:/New folder (4)/Building/Content/Maps/Level1_BuiltData.uexp" 531
"D:/New folder (4)/Building/Content/Maps/Level1_BuiltData.ubulk" 532
"../../../Engine/Content/Functions/Engine_MaterialFunctions01/WorldPositionOffset/SimpleGrassWind.uasset" 533
"../../../Engine/Content/Functions/Engine_MaterialFunctions01/WorldPositionOffset/SimpleGrassWind.uexp" 534
"D:/New folder (4)/Building/Content/Materials/GrassMat.uasset" 535
"D:/New folder (4)/Building/Content/Materials/GrassMat.uexp" 536
"D:/New folder (4)/Building/Content/Meshes/grass_mesh.uasset" 537
"D:/New folder (4)/Building/Content/Meshes/grass_mesh.uexp" 538
"D:/New folder (4)/Building/Content/Meshes/grass_mesh.ubulk" 539
"../../../Engine/Content/EngineSky/T_Sky_Blue.uasset" 540
"../../../Engine/Content/EngineSky/T_Sky_Blue.uexp" 541
"../../../Engine/Content/EngineSky/T_Sky_Blue.ubulk" 542
"../../../Engine/Content/EngineSky/T_Sky_Clouds_M.uasset" 543
"../../../Engine/Content/EngineSky/T_Sky_Clouds_M.uexp" 544
"../../../Engine/Content/EngineSky/T_Sky_Clouds_M.ubulk" 545
"../../../Engine/Content/EngineSky/T_Sky_Stars.uasset" 546
"../../../Engine/Content/EngineSky/T_Sky_Stars.uexp" 547
"../../../Engine/Content/EngineSky/T_Sky_Stars.ubulk" 548
"../../../Engine/Content/EngineSky/M_Sky_Panning_Clouds2.uasset" 549
"../../../Engine/Content/EngineSky/M_Sky_Panning_Clouds2.uexp" 550
"D:/New folder (4)/Building/Content/Meshes/wallcracked_mesh.uasset" 551
"D:/New folder (4)/Building/Content/Meshes/wallcracked_mesh.uexp" 552
"D:/New folder (4)/Building/Content/Meshes/wallcracked_mesh.ubulk" 553
"D:/New folder (4)/Building/Content/Meshes/wallbroken_mesh.uasset" 554
"D:/New folder (4)/Building/Content/Meshes/wallbroken_mesh.uexp" 555
"D:/New folder (4)/Building/Content/Meshes/wallbroken_mesh.ubulk" 556
"D:/New folder (4)/Building/Content/Meshes/pillar_mesh.uasset" 557
"D:/New folder (4)/Building/Content/Meshes/pillar_mesh.uexp" 558
"D:/New folder (4)/Building/Content/Meshes/pillar_mesh.ubulk" 559
"D:/New folder (4)/Building/Content/Meshes/wall_mesh.uasset" 560
"D:/New folder (4)/Building/Content/Meshes/wall_mesh.uexp" 561
"D:/New folder (4)/Building/Content/Meshes/wall_mesh.ubulk" 562
"../../../Engine/Content/EngineSky/C_Sky_Cloud_Color.uasset" 563
"../../../Engine/Content/EngineSky/C_Sky_Cloud_Color.uexp" 564
"../../../Engine/Content/EngineSky/C_Sky_Horizon_Color.uasset" 565
"../../../Engine/Content/EngineSky/C_Sky_Horizon_Color.uexp" 566
"../../../Engine/Content/EngineSky/C_Sky_Zenith_Color.uasset" 567
"../../../Engine/Content/EngineSky/C_Sky_Zenith_Color.uexp" 568
"../../../Engine/Content/EngineSky/SM_SkySphere.uasset" 569
"../../../Engine/Content/EngineSky/SM_SkySphere.uexp" 570
"../../../Engine/Content/EngineSky/SM_SkySphere.ubulk" 571
"../../../Engine/Content/EngineSky/BP_Sky_Sphere.uasset" 572
"../../../Engine/Content/EngineSky/BP_Sky_Sphere.uexp" 573
"D:/New folder (4)/Building/Content/Meshes/door_mesh.uasset" 574
"D:/New folder (4)/Building/Content/Meshes/door_mesh.uexp" 575
"D:/New folder (4)/Building/Content/Meshes/door_mesh.ubulk" 576
"D:/New folder (4)/Building/Content/Sounds/DoorOpening.uasset" 577
"D:/New folder (4)/Building/Content/Sounds/DoorOpening.uexp" 578
"D:/New folder (4)/Building/Content/Sounds/DoorOpening.ubulk" 579
"D:/New folder (4)/Building/Content/Blueprints/Door.uasset" 580
"D:/New folder (4)/Building/Content/Blueprints/Door.uexp" 581
"D:/New folder (4)/Building/Content/Maps/Level1.uexp" 582
"D:/New folder (4)/Building/Content/Maps/Level1.umap" 583
"D:/New folder (4)/Building/Content/Maps/Level2.uexp" 584
"D:/New folder (4)/Building/Content/Maps/Level2.umap" 585
"D:/New folder (4)/Building/Content/UI/MainMenu.uasset" 586
"D:/New folder (4)/Building/Content/UI/MainMenu.uexp" 587
"D:/New folder (4)/Building/Content/Maps/MainMenu_BuiltData.uasset" 588
"D:/New folder (4)/Building/Content/Maps/MainMenu_BuiltData.uexp" 589
"D:/New folder (4)/Building/Content/Maps/MainMenu_BuiltData.ubulk" 590
"D:/New folder (4)/Building/Content/Maps/MainMenu.uexp" 591
"D:/New folder (4)/Building/Content/Maps/MainMenu.umap" 592
"../../../Engine/Content/Maps/Entry_BuiltData.uasset" 593
"../../../Engine/Content/Maps/Entry_BuiltData.uexp" 594
"../../../Engine/Content/Maps/Entry.uexp" 595
"../../../Engine/Content/Maps/Entry.umap" 596
